[0m15:24:58.582435 [debug] [MainThread]: Sending event: {'category': 'dbt', 'action': 'invocation', 'label': 'start', 'context': [<snowplow_tracker.self_describing_json.SelfDescribingJson object at 0x000002760B578F20>, <snowplow_tracker.self_describing_json.SelfDescribingJson object at 0x000002760B03B890>, <snowplow_tracker.self_describing_json.SelfDescribingJson object at 0x0000027608EA06E0>]}


============================== 15:24:58.590020 | a7762739-ff60-4ded-90dc-ab4909ae74c5 ==============================
[0m15:24:58.590020 [info ] [MainThread]: Running with dbt=1.10.15
[0m15:24:58.590984 [debug] [MainThread]: running dbt with arguments {'invocation_command': 'dbt init netflix', 'no_print': 'None', 'profiles_dir': 'C:\\Users\\FOM018\\.dbt', 'target_path': 'None', 'cache_selected_only': 'False', 'warn_error': 'None', 'log_path': 'logs', 'partial_parse': 'True', 'static_parser': 'True', 'send_anonymous_usage_stats': 'True', 'indirect_selection': 'eager', 'warn_error_options': 'WarnErrorOptionsV2(error=[], warn=[], silence=[])', 'fail_fast': 'False', 'use_experimental_parser': 'False', 'version_check': 'True', 'introspect': 'True', 'quiet': 'False', 'empty': 'None', 'log_cache_events': 'False', 'debug': 'False', 'log_format': 'default', 'use_colors': 'True', 'printer_width': '80', 'write_json': 'True'}
[0m15:24:58.655797 [info ] [MainThread]: Creating dbt configuration folder at C:\Users\FOM018\.dbt
[0m15:24:58.660315 [debug] [MainThread]: Starter project path: C:\Users\FOM018\Desktop\DBT\Netflix Data Analysis-DBT\s3_snowflakedbt\venv\Lib\site-packages\dbt\include\starter_project
[0m15:24:58.718504 [info ] [MainThread]: 
Your new dbt project "netflix" was created!

For more information on how to configure the profiles.yml file,
please consult the dbt documentation here:

  https://docs.getdbt.com/docs/configure-your-profile

One more thing:

Need help? Don't hesitate to reach out to us via GitHub issues or on Slack:

  https://community.getdbt.com/

Happy modeling!

[0m15:24:58.718504 [info ] [MainThread]: Setting up your profile.
[0m15:31:26.992641 [info ] [MainThread]: Profile netflix written to C:\Users\FOM018\.dbt\profiles.yml using target's profile_template.yml and your supplied values. Run 'dbt debug' to validate the connection.
[0m15:31:27.001517 [debug] [MainThread]: Command `dbt init` succeeded at 15:31:27.001517 after 388.58 seconds
[0m15:31:27.001517 [debug] [MainThread]: Sending event: {'category': 'dbt', 'action': 'invocation', 'label': 'end', 'context': [<snowplow_tracker.self_describing_json.SelfDescribingJson object at 0x000002760D27CA40>, <snowplow_tracker.self_describing_json.SelfDescribingJson object at 0x000002760D7BEEA0>, <snowplow_tracker.self_describing_json.SelfDescribingJson object at 0x000002760AF5E6F0>]}
[0m15:31:27.004121 [debug] [MainThread]: Flushing usage events
[0m15:31:29.115502 [debug] [MainThread]: An error was encountered while trying to flush usage events
[0m15:43:28.002502 [debug] [MainThread]: Sending event: {'category': 'dbt', 'action': 'invocation', 'label': 'start', 'context': [<snowplow_tracker.self_describing_json.SelfDescribingJson object at 0x00000281A81C5F40>, <snowplow_tracker.self_describing_json.SelfDescribingJson object at 0x00000281A6A72420>, <snowplow_tracker.self_describing_json.SelfDescribingJson object at 0x00000281A5FA4E90>]}


============================== 15:43:28.008633 | a38d86cc-b7ab-495a-b0da-2613ac3d182f ==============================
[0m15:43:28.008633 [info ] [MainThread]: Running with dbt=1.10.15
[0m15:43:28.009175 [debug] [MainThread]: running dbt with arguments {'write_json': 'True', 'use_colors': 'True', 'profiles_dir': 'C:\\Users\\FOM018\\.dbt', 'log_format': 'default', 'cache_selected_only': 'False', 'warn_error': 'None', 'indirect_selection': 'eager', 'fail_fast': 'False', 'partial_parse': 'True', 'send_anonymous_usage_stats': 'True', 'static_parser': 'True', 'warn_error_options': 'WarnErrorOptionsV2(error=[], warn=[], silence=[])', 'log_path': 'logs', 'version_check': 'True', 'use_experimental_parser': 'False', 'introspect': 'True', 'quiet': 'False', 'empty': 'False', 'log_cache_events': 'False', 'debug': 'False', 'no_print': 'None', 'invocation_command': 'dbt run', 'printer_width': '80', 'target_path': 'None'}
[0m15:43:28.009175 [error] [MainThread]: Encountered an error:
Runtime Error
  No dbt_project.yml found at expected path C:\Users\FOM018\Desktop\DBT\Netflix Data Analysis-DBT\s3_snowflakedbt\dbt_project.yml
  Verify that each entry within packages.yml (and their transitive dependencies) contains a file named dbt_project.yml
  
[0m15:43:28.011120 [debug] [MainThread]: Command `dbt run` failed at 15:43:28.010615 after 0.15 seconds
[0m15:43:28.011120 [debug] [MainThread]: Sending event: {'category': 'dbt', 'action': 'invocation', 'label': 'end', 'context': [<snowplow_tracker.self_describing_json.SelfDescribingJson object at 0x00000281A5FA4E90>, <snowplow_tracker.self_describing_json.SelfDescribingJson object at 0x00000281A873A540>, <snowplow_tracker.self_describing_json.SelfDescribingJson object at 0x00000281A8C8ACC0>]}
[0m15:43:28.012126 [debug] [MainThread]: Flushing usage events
[0m15:43:29.705690 [debug] [MainThread]: An error was encountered while trying to flush usage events
